[debug] [2025-10-23T16:25:13.178Z] ----------------------------------------------------------------------
[debug] [2025-10-23T16:25:13.184Z] Command:       C:\Program Files\nodejs\node.exe C:\Users\Acer\AppData\Roaming\npm\node_modules\firebase-tools\lib\bin\firebase.js init
[debug] [2025-10-23T16:25:13.185Z] CLI Version:   14.21.0
[debug] [2025-10-23T16:25:13.186Z] Platform:      win32
[debug] [2025-10-23T16:25:13.186Z] Node Version:  v20.11.1
[debug] [2025-10-23T16:25:13.186Z] Time:          Thu Oct 23 2025 21:55:13 GMT+0530 (India Standard Time)
[debug] [2025-10-23T16:25:13.186Z] ----------------------------------------------------------------------
[debug] 
[info] 
     ######## #### ########  ######## ########     ###     ######  ########
     ##        ##  ##     ## ##       ##     ##  ##   ##  ##       ##
     ######    ##  ########  ######   ########  #########  ######  ######
     ##        ##  ##    ##  ##       ##     ## ##     ##       ## ##
     ##       #### ##     ## ######## ########  ##     ##  ######  ########

You're about to initialize a Firebase project in this directory:

  D:\Tekly Sloutins\TalentNest-dev-latest1

[info] 
=== Project Setup
[info] 
[info] First, let's associate this project directory with a Firebase project.
[info] You can create multiple project aliases by running firebase use --add, 
[info] 
[debug] [2025-10-23T16:25:50.310Z] > command requires scopes: ["email","openid","https://www.googleapis.com/auth/cloudplatformprojects.readonly","https://www.googleapis.com/auth/firebase","https://www.googleapis.com/auth/cloud-platform"]
[debug] [2025-10-23T16:25:50.311Z] > authorizing via signed-in user (athilaravindu@gmail.com)
[debug] [2025-10-23T16:25:50.314Z] Checked if tokens are valid: false, expires at: 1761232087028
[debug] [2025-10-23T16:25:50.314Z] Checked if tokens are valid: false, expires at: 1761232087028
[debug] [2025-10-23T16:25:50.315Z] > refreshing access token with scopes: []
[debug] [2025-10-23T16:25:50.319Z] >>> [apiv2][query] POST https://www.googleapis.com/oauth2/v3/token [none]
[debug] [2025-10-23T16:25:50.320Z] >>> [apiv2][body] POST https://www.googleapis.com/oauth2/v3/token [omitted]
[debug] [2025-10-23T16:25:50.734Z] <<< [apiv2][status] POST https://www.googleapis.com/oauth2/v3/token 200
[debug] [2025-10-23T16:25:50.734Z] <<< [apiv2][body] POST https://www.googleapis.com/oauth2/v3/token [omitted]
[debug] [2025-10-23T16:25:50.749Z] >>> [apiv2][query] GET https://firebase.googleapis.com/v1beta1/projects/talentnest-73c55 [none]
[debug] [2025-10-23T16:25:51.396Z] <<< [apiv2][status] GET https://firebase.googleapis.com/v1beta1/projects/talentnest-73c55 200
[debug] [2025-10-23T16:25:51.397Z] <<< [apiv2][body] GET https://firebase.googleapis.com/v1beta1/projects/talentnest-73c55 {"projectId":"talentnest-73c55","projectNumber":"33271436291","displayName":"TalentNest","name":"projects/talentnest-73c55","resources":{"hostingSite":"talentnest-73c55"},"state":"ACTIVE","etag":"1_83c8c0b3-6253-4a09-b896-bbaf8a9b5ccc"}
[info] i  Using project talentnest-73c55 (TalentNest) . 
[info] 
=== Functions Setup
[debug] [2025-10-23T16:25:51.410Z] > command requires scopes: ["email","openid","https://www.googleapis.com/auth/cloudplatformprojects.readonly","https://www.googleapis.com/auth/firebase","https://www.googleapis.com/auth/cloud-platform"]
[debug] [2025-10-23T16:25:51.410Z] > authorizing via signed-in user (athilaravindu@gmail.com)
[debug] [2025-10-23T16:25:51.410Z] [iam] checking project talentnest-73c55 for permissions ["firebase.projects.get"]
[debug] [2025-10-23T16:25:51.411Z] Checked if tokens are valid: true, expires at: 1761240349734
[debug] [2025-10-23T16:25:51.411Z] Checked if tokens are valid: true, expires at: 1761240349734
[debug] [2025-10-23T16:25:51.411Z] >>> [apiv2][query] POST https://cloudresourcemanager.googleapis.com/v1/projects/talentnest-73c55:testIamPermissions [none]
[debug] [2025-10-23T16:25:51.411Z] >>> [apiv2][(partial)header] POST https://cloudresourcemanager.googleapis.com/v1/projects/talentnest-73c55:testIamPermissions x-goog-quota-user=projects/talentnest-73c55
[debug] [2025-10-23T16:25:51.411Z] >>> [apiv2][body] POST https://cloudresourcemanager.googleapis.com/v1/projects/talentnest-73c55:testIamPermissions {"permissions":["firebase.projects.get"]}
[debug] [2025-10-23T16:25:53.013Z] <<< [apiv2][status] POST https://cloudresourcemanager.googleapis.com/v1/projects/talentnest-73c55:testIamPermissions 200
[debug] [2025-10-23T16:25:53.013Z] <<< [apiv2][body] POST https://cloudresourcemanager.googleapis.com/v1/projects/talentnest-73c55:testIamPermissions {"permissions":["firebase.projects.get"]}
[info] Let's create a new codebase for your functions.
[info] A directory corresponding to the codebase will be created in your project
[info] with sample code pre-configured.

[info] See https://firebase.google.com/docs/functions/organize-functions for
[info] more information on organizing your functions using codebases.

[info] Functions can be deployed with firebase deploy.

[info] +  Wrote functions/package.json 
[info] +  Wrote functions/.eslintrc.js 
[info] +  Wrote functions/tsconfig.dev.json 
[info] +  Wrote functions/tsconfig.json 
[info] +  Wrote functions/src/index.ts 
[info] +  Wrote functions/.gitignore 
[info] 
=== Hosting Setup
[debug] [2025-10-23T16:27:48.779Z] Checked if tokens are valid: true, expires at: 1761240349734
[debug] [2025-10-23T16:27:48.783Z] Checked if tokens are valid: true, expires at: 1761240349734
[debug] [2025-10-23T16:27:48.796Z] >>> [apiv2][query] GET https://firebase.googleapis.com/v1beta1/projects/talentnest-73c55 [none]
[debug] [2025-10-23T16:27:49.404Z] <<< [apiv2][status] GET https://firebase.googleapis.com/v1beta1/projects/talentnest-73c55 200
[debug] [2025-10-23T16:27:49.408Z] <<< [apiv2][body] GET https://firebase.googleapis.com/v1beta1/projects/talentnest-73c55 {"projectId":"talentnest-73c55","projectNumber":"33271436291","displayName":"TalentNest","name":"projects/talentnest-73c55","resources":{"hostingSite":"talentnest-73c55"},"state":"ACTIVE","etag":"1_83c8c0b3-6253-4a09-b896-bbaf8a9b5ccc"}
[info] 
[info] Your public directory is the folder (relative to your project directory) that
[info] will contain Hosting assets to be uploaded with firebase deploy. If you
[info] have a build process for your assets, use your build's output directory.
[info] 
[info] +  Wrote public/404.html 
[debug] [2025-10-23T16:28:14.821Z] >>> [apiv2][query] GET https://www.gstatic.com/firebasejs/releases.json [none]
[debug] [2025-10-23T16:28:15.099Z] <<< [apiv2][status] GET https://www.gstatic.com/firebasejs/releases.json 200
[debug] [2025-10-23T16:28:15.099Z] <<< [apiv2][body] GET https://www.gstatic.com/firebasejs/releases.json {"current":{"version":"12.4.0","browserURL":"https://www.gstatic.com/firebasejs/12.4.0/firebase.js","packageURL":"https://www.gstatic.com/firebasejs/12.4.0/firebase.tgz"},"live":{"version":"12.4","browserURL":"https://www.gstatic.com/firebasejs/live/12.4/firebase.js","packageURL":"https://www.gstatic.com/firebasejs/live/12.4/firebase.tgz"},"components":{"ai":"https://www.gstatic.com/firebasejs/12.4.0/firebase-ai.js","analytics":"https://www.gstatic.com/firebasejs/12.4.0/firebase-analytics.js","app":"https://www.gstatic.com/firebasejs/12.4.0/firebase-app.js","app-check":"https://www.gstatic.com/firebasejs/12.4.0/firebase-app-check.js","auth":"https://www.gstatic.com/firebasejs/12.4.0/firebase-auth.js","auth/cordova":"https://www.gstatic.com/firebasejs/12.4.0/firebase-auth/cordova.js","auth/web-extension":"https://www.gstatic.com/firebasejs/12.4.0/firebase-auth/web-extension.js","functions":"https://www.gstatic.com/firebasejs/12.4.0/firebase-functions.js","firestore":"https://www.gstatic.com/firebasejs/12.4.0/firebase-firestore.js","firestore/lite":"https://www.gstatic.com/firebasejs/12.4.0/firebase-firestore/lite.js","installations":"https://www.gstatic.com/firebasejs/12.4.0/firebase-installations.js","storage":"https://www.gstatic.com/firebasejs/12.4.0/firebase-storage.js","performance":"https://www.gstatic.com/firebasejs/12.4.0/firebase-performance.js","remote-config":"https://www.gstatic.com/firebasejs/12.4.0/firebase-remote-config.js","messaging":"https://www.gstatic.com/firebasejs/12.4.0/firebase-messaging.js","messaging/sw":"https://www.gstatic.com/firebasejs/12.4.0/firebase-messaging/sw.js","database":"https://www.gstatic.com/firebasejs/12.4.0/firebase-database.js","data-connect":"https://www.gstatic.com/firebasejs/12.4.0/firebase-data-connect.js","firestore.memory":"https://www.gstatic.com/firebasejs/12.4.0/firebase-firestore.memory.js"}}
[info] +  Wrote public/index.html 
[info] 
[info] i  Detected a .git folder at D:\Tekly Sloutins\TalentNest-dev-latest1 
[info] i  Authorizing with GitHub to upload your service account to a GitHub repository's secrets store. 
[info] 
[info] Visit this URL on this device to log in:
[info] https://github.com/login/oauth/authorize?client_id=89cf50f02ac6aaed3484&state=371854130&redirect_uri=http%3A%2F%2Flocalhost%3A9005&scope=read%3Auser%20repo%20public_repo
[info] 
[info] Waiting for authentication...
[debug] [2025-10-23T16:28:16.491Z] >>> [apiv2][query] POST https://github.com/login/oauth/access_token [none]
[debug] [2025-10-23T16:28:16.492Z] >>> [apiv2][body] POST https://github.com/login/oauth/access_token [stream]
[debug] [2025-10-23T16:28:17.073Z] <<< [apiv2][status] POST https://github.com/login/oauth/access_token 200
[debug] [2025-10-23T16:28:17.073Z] <<< [apiv2][body] POST https://github.com/login/oauth/access_token {"access_token":"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","token_type":"bearer","scope":"read:user,repo"}
[debug] [2025-10-23T16:28:17.081Z] >>> [apiv2][query] GET https://api.github.com/user [none]
[debug] [2025-10-23T16:28:17.744Z] <<< [apiv2][status] GET https://api.github.com/user 200
[debug] [2025-10-23T16:28:17.744Z] <<< [apiv2][body] GET https://api.github.com/user {"login":"AthilaRavindu","id":164089639,"node_id":"U_kgDOCcfPJw","avatar_url":"https://avatars.githubusercontent.com/u/164089639?v=4","gravatar_id":"","url":"https://api.github.com/users/AthilaRavindu","html_url":"https://github.com/AthilaRavindu","followers_url":"https://api.github.com/users/AthilaRavindu/followers","following_url":"https://api.github.com/users/AthilaRavindu/following{/other_user}","gists_url":"https://api.github.com/users/AthilaRavindu/gists{/gist_id}","starred_url":"https://api.github.com/users/AthilaRavindu/starred{/owner}{/repo}","subscriptions_url":"https://api.github.com/users/AthilaRavindu/subscriptions","organizations_url":"https://api.github.com/users/AthilaRavindu/orgs","repos_url":"https://api.github.com/users/AthilaRavindu/repos","events_url":"https://api.github.com/users/AthilaRavindu/events{/privacy}","received_events_url":"https://api.github.com/users/AthilaRavindu/received_events","type":"User","user_view_type":"private","site_admin":false,"name":"Athila Ravindu","company":null,"blog":"","location":null,"email":null,"hireable":null,"bio":"I'm a computer engineering student.","twitter_username":null,"notification_email":null,"public_repos":11,"public_gists":0,"followers":0,"following":0,"created_at":"2024-03-19T21:12:01Z","updated_at":"2025-09-27T05:35:28Z","private_gists":1,"total_private_repos":8,"owned_private_repos":8,"disk_usage":119309,"collaborators":2,"two_factor_authentication":false,"plan":{"name":"free","space":976562499,"collaborators":0,"private_repos":10000}}
[info] 
[info] +  Success! Logged into GitHub as AthilaRavindu 
[info] 
